<?xml version="1.0" encoding="UTF-8"?>
<!-- Generated by org.testng.reporters.JUnitReportReporter -->
<testsuite hostname="DESKTOP-9TALGFM" failures="0" tests="1" name="TestCases.ExcelSheetHandling" time="0.941" errors="0" timestamp="2023-09-10T20:11:58 IST" skipped="0">
  <testcase classname="TestCases.ExcelSheetHandling" name="LoginFunctionality" time="0.941"/>
</testsuite> <!-- TestCases.ExcelSheetHandling -->
