<?xml version="1.0" encoding="UTF-8"?>
<!-- Generated by org.testng.reporters.JUnitReportReporter -->
<testsuite hostname="DESKTOP-9TALGFM" failures="0" tests="1" name="TestCases.VerifySignup" time="14.948" errors="0" timestamp="2023-09-18T15:57:10 IST" skipped="0">
  <testcase classname="TestCases.VerifySignup" name="signup" time="14.948"/>
</testsuite> <!-- TestCases.VerifySignup -->
