<?xml version="1.0" encoding="UTF-8"?>
<!-- Generated by org.testng.reporters.JUnitReportReporter -->
<testsuite hostname="DESKTOP-9TALGFM" failures="0" tests="1" name="TestCases.CaptureScreenshoot" time="13.767" errors="0" timestamp="2023-09-11T13:59:13 IST" skipped="0">
  <testcase classname="TestCases.CaptureScreenshoot" name="sc" time="13.767"/>
</testsuite> <!-- TestCases.CaptureScreenshoot -->
