<?xml version="1.0" encoding="UTF-8"?>
<!-- Generated by org.testng.reporters.JUnitReportReporter -->
<testsuite hostname="DESKTOP-9TALGFM" failures="0" tests="1" name="TestCases.PrintingAllLinks" time="46.591" errors="0" timestamp="2023-09-11T12:15:22 IST" skipped="0">
  <testcase classname="TestCases.PrintingAllLinks" name="printingLinks" time="46.591"/>
</testsuite> <!-- TestCases.PrintingAllLinks -->
