<?xml version="1.0" encoding="UTF-8"?>
<!-- Generated by org.testng.reporters.JUnitReportReporter -->
<testsuite hostname="DESKTOP-9TALGFM" failures="0" tests="1" name="TestCases.B" time="6.782" errors="0" timestamp="2023-09-09T00:57:02 IST" skipped="0">
  <testcase classname="TestCases.B" name="launchBrowser" time="6.782"/>
</testsuite> <!-- TestCases.B -->
