<?xml version="1.0" encoding="UTF-8"?>
<!-- Generated by org.testng.reporters.JUnitReportReporter -->
<testsuite hostname="DESKTOP-9TALGFM" failures="0" tests="1" name="demo.Annotation_use" time="0.008" errors="0" timestamp="2023-09-08T12:49:21 IST" skipped="0">
  <testcase classname="demo.Annotation_use" name="m1" time="0.008"/>
</testsuite> <!-- demo.Annotation_use -->
