<?xml version="1.0" encoding="UTF-8"?>
<!-- Generated by org.testng.reporters.JUnitReportReporter -->
<testsuite hostname="DESKTOP-9TALGFM" failures="0" tests="3" name="demo.Priorities" time="0.020" errors="0" timestamp="2023-09-08T12:38:13 IST" skipped="0">
  <testcase classname="demo.Priorities" name="m2" time="0.014"/>
  <testcase classname="demo.Priorities" name="m3" time="0.003"/>
  <testcase classname="demo.Priorities" name="m1" time="0.003"/>
</testsuite> <!-- demo.Priorities -->
