<?xml version="1.0" encoding="UTF-8"?>
<!-- Generated by org.testng.reporters.JUnitReportReporter -->
<testsuite hostname="DESKTOP-9TALGFM" failures="0" tests="3" name="demo.DependsOnMethodes" time="0.014" errors="0" timestamp="2023-09-08T13:38:59 IST" skipped="0">
  <testcase classname="demo.DependsOnMethodes" name="m3" time="0.002"/>
  <testcase classname="demo.DependsOnMethodes" name="m2" time="0.011"/>
  <testcase classname="demo.DependsOnMethodes" name="m1" time="0.001"/>
</testsuite> <!-- demo.DependsOnMethodes -->
