<?xml version="1.0" encoding="UTF-8"?>
<!-- Generated by org.testng.reporters.JUnitReportReporter -->
<testsuite hostname="DESKTOP-9TALGFM" failures="0" tests="3" name="demo.A" time="0.017" errors="0" timestamp="2023-09-08T12:35:57 IST" skipped="0">
  <testcase classname="demo.A" name="m3" time="0.013"/>
  <testcase classname="demo.A" name="m2" time="0.002"/>
  <testcase classname="demo.A" name="m1" time="0.002"/>
</testsuite> <!-- demo.A -->
