<?xml version="1.0" encoding="UTF-8"?>
<!-- Generated by org.testng.reporters.JUnitReportReporter -->
<testsuite hostname="DESKTOP-9TALGFM" failures="0" tests="1" name="demo.Groups" time="0.037" errors="0" timestamp="2023-09-08T16:52:33 IST" skipped="0">
  <testcase classname="demo.Groups" name="m1" time="0.037"/>
</testsuite> <!-- demo.Groups -->
