<?xml version="1.0" encoding="UTF-8"?>
<!-- Generated by org.testng.reporters.JUnitReportReporter -->
<testsuite hostname="DESKTOP-9TALGFM" failures="0" tests="1" name="SimpleAnnotation.Annotations" time="0.019" errors="0" timestamp="2023-08-28T16:48:31 IST" skipped="0">
  <testcase classname="SimpleAnnotation.Annotations" name="m1" time="0.019"/>
</testsuite> <!-- SimpleAnnotation.Annotations -->
