<?xml version="1.0" encoding="UTF-8"?>
<!-- Generated by org.testng.reporters.JUnitReportReporter -->
<testsuite hostname="DESKTOP-9TALGFM" failures="0" tests="2" name="demo.Enables" time="0.015" errors="0" timestamp="2023-09-08T13:01:23 IST" skipped="1">
  <testcase classname="demo.Enables" name="m3" time="0.015"/>
  <testcase classname="demo.Enables" name="m1">
    <skipped/>
  </testcase> <!-- m1 -->
</testsuite> <!-- demo.Enables -->
