<?xml version="1.0" encoding="UTF-8"?>
<!-- Generated by org.testng.reporters.JUnitReportReporter -->
<testsuite hostname="DESKTOP-9TALGFM" failures="0" tests="1" name="demo.B" time="1.085" errors="0" timestamp="2023-09-07T16:14:33 IST" skipped="0">
  <testcase classname="demo.B" name="login" time="1.085"/>
</testsuite> <!-- demo.B -->
