<?xml version="1.0" encoding="UTF-8"?>
<!-- Generated by org.testng.reporters.JUnitReportReporter -->
<testsuite hostname="DESKTOP-9TALGFM" failures="0" tests="3" name="simpleAnnotations.A" time="0.013" errors="0" timestamp="2023-09-07T13:46:19 IST" skipped="0">
  <testcase classname="simpleAnnotations.A" name="login" time="0.002"/>
  <testcase classname="simpleAnnotations.A" name="sub" time="0.002"/>
  <testcase classname="simpleAnnotations.A" name="add" time="0.009"/>
</testsuite> <!-- simpleAnnotations.A -->
