<?xml version="1.0" encoding="UTF-8"?>
<!-- Generated by org.testng.reporters.JUnitReportReporter -->
<testsuite hostname="DESKTOP-9TALGFM" failures="0" tests="1" name="simpleAnnotations.Annotations" time="0.022" errors="0" timestamp="2023-08-28T16:52:31 IST" skipped="0">
  <testcase classname="simpleAnnotations.Annotations" name="m1" time="0.022"/>
</testsuite> <!-- simpleAnnotations.Annotations -->
